<?xml version="1.0" encoding="UTF-8"?>
<!-- Generated by org.testng.reporters.JUnitReportReporter -->
<testsuite skipped="0" hostname="Lenovo-PC" name="com.example.testng.TestNGDemo.TestNgDemoApplicationTests" tests="1" failures="0" timestamp="2020-04-08T20:33:24 IST" time="0.667" errors="0">
  <testcase name="testEmployee" time="0.667" classname="com.example.testng.TestNGDemo.TestNgDemoApplicationTests"/>
  <system-out/>
</testsuite> <!-- com.example.testng.TestNGDemo.TestNgDemoApplicationTests -->
